
bewest@mimsy:~/Documents/bb/summer-2011$ miniterm.py -p /dev/ttyUSB0
A--- Miniterm on /dev/ttyUSB0: 9600,8,N,1 ---
--- Quit: Ctrl+]  |  Menu: Ctrl+T | Help: Ctrl+T followed by Ctrl+H ---
AT

OK
AT+CMEE=
OK
AT+CMEE?

+CMEE: 0

OK
AT+CMEE=2

OK
AT+CMEE?

+CMEE: 2

OK
AT+CREG?
+CREG: 0,5

OK
ATX4

OK
AT+CREG?

+CREG: 0,5

OK
ATO

NO CARRIER
AT+CGMI?
+CME ERROR: operation not supported
AT+CGMI

Telit

OK
AT+CGMM

GE865

OK
AT+CRC?

+CRC: 0

OK
AT+CRC=1

OK
AT+COPN?

+CME ERROR: operation not supported
AT+COPN

+COPN: "20201","GR COSMOTE"
+COPN: "20205","vodafone GR"
+COPN: "20209","GR Q-TELECOM"
+COPN: "20210","GR TELESTET"
+COPN: "20404","vodafone NL"
+COPN: "20408","NL KPN"
+COPN: "20412","O2 - NL"
+COPN: "20416","Ben NL"
+COPN: "20420","Orange NL"
+COPN: "20601","BEL PROXIMUS"
+COPN: "20610","B mobistar"
+COPN: "20620","BASE"
+COPN: "20801","Orange F"
+COPN: "20810","F SFR"
+COPN: "20820","BYTEL"
+COPN: "21303","STA-MOBILAND"
+COPN: "21401","vodafone ES"
+COPN: "21403","E AMENA"
+COPN: "21404","XFERA"
+COPN: "21407","MOVISTAR"
+COPN: "21601","H PANNON GSM"
+COPN: "21630","WESTEL"
+COPN: "21670","Vodafone HU"
+COPN: "21803","BA-ERONET"
+COPN: "21805","MOBI'S"
+COPN: "21890","BIH GSMBIH"
+COPN: "21901","HTmobile HR"
+COPN: "21902","HR Tele2"
+COPN: "21910","HR VIP"
+COPN: "22001","YU MOBTEL"
+COPN: "22002","ProMonte"
+COPN: "22003","YUG 03"
+COPN: "22004","MONET"
+COPN: "22201","I TIM"
+COPN: "22210","vodafone IT"
+COPN: "22288","I WIND"
+COPN: "22298","IT BLU"
+COPN: "22299","3 ITA"
+COPN: "22601","RO CONNEX"
+COPN: "22603","RO Cosmorom"
+COPN: "22610","RO ORANGE"
+COPN: "22801","SWISS GSM"
+COPN: "22802","sunrise"
+COPN: "22803","Orange CH"
+COPN: "23001","T-Mobile CZ"
+COPN: "23002","EUROTEL - CZ"
+COPN: "23003","OSKAR"
+COPN: "23101","Orange SK"
+COPN: "23102","EUROTEL-SK"
+COPN: "23201","A1"
+COPN: "23203","T-Mobile A"
+COPN: "23205","A one"
+COPN: "23207","telering"
+COPN: "23210","3 AT"
+COPN: "23410","O2 - UK"
+COPN: "23415","vodafone UK"
+COPN: "23420","3 UK"
+COPN: "23430","T-Mobile UK"
+COPN: "23431","T-Mobile UK"
+COPN: "23432","T-Mobile UK"
+COPN: "23433","Orange UK"
+COPN: "23450","JT GSM"
+COPN: "23455","Cable & Wireless"
+COPN: "23458","Manx Pronto"
+COPN: "23801","TDC MOBIL"
+COPN: "23802","DK SONOFON"
+COPN: "23820","TELIA DK"
+COPN: "23830","Orange DK"
+COPN: "24001","TELIA S"
+COPN: "24003","Orange"
+COPN: "24007","S COMVIQ"
+COPN: "24008","vodafone SE"
+COPN: "24201","N Telenor"
+COPN: "24202","N NetCom GSM"
+COPN: "24403","FI TELIA"
+COPN: "24405","FI RADIOLINJA"
+COPN: "24409","FI FINNET"
+COPN: "24412","FI 2G"
+COPN: "24414","FI AMT"
+COPN: "24491","FI SONERA"
+COPN: "24601","OMNITEL LT"
+COPN: "24602","LT BITE GSM"
+COPN: "24603","TELE2"
+COPN: "24701","LMT GSM"
+COPN: "24702","LV TELE2"
+COPN: "24801","EE EMT GSM"
+COPN: "24802","EE RLT"
+COPN: "24803","TELE2"
+COPN: "25001","MTS-RUS"
+COPN: "25002","MegaFon"
+COPN: "25004","RUS_SCN"
+COPN: "25005","SCS RUS"
+COPN: "25007","RUS SMARTS"
+COPN: "25010","RUS DTC"
+COPN: "25011","ORENSOT"
+COPN: "25012","RF Far East"
+COPN: "25013","RUS Kuban-GSM"
+COPN: "25016","RUS16 250 16"
+COPN: "25017","RUS 17"
+COPN: "25019","DTI"
+COPN: "25020","ECC"
+COPN: "25028","EXTEL RUS"
+COPN: "25039","Uraltel"
+COPN: "25044","NC-GSM"
+COPN: "25092","Primtel"
+COPN: "25093","Telecom XXI RUS"
+COPN: "25099","BEE LINE"
+COPN: "25501","UA UMC"
+COPN: "25502","UKR-WellCOM"
+COPN: "25503","UA-KYIVSTAR"
+COPN: "25505","UA-GT"
+COPN: "25701","BY VELCOM"
+COPN: "25702","MTS BY"
+COPN: "25901","MD VOXTEL"
+COPN: "25902","MD MOLDCELL"
+COPN: "26001","Plus GSM"
+COPN: "26002","Era"
+COPN: "26003","PL IDEA"
+COPN: "26201","T-Mobile D"
+COPN: "26202","Vodafone D2"
+COPN: "26203","E-Plus"
+COPN: "26207","o2 - DE"
+COPN: "26213","MobilCom"
+COPN: "26214","Quam"
+COPN: "26601","GIBTEL GSM"
+COPN: "26801","VODAFONE P"
+COPN: "26803","P OPTIMUS"
+COPN: "26806","P TMN"
+COPN: "27001","L LUXGSM"
+COPN: "27077","L TANGO"
+COPN: "27201","Vodafone IRL"
+COPN: "27202","O2 - IRL"
+COPN: "27203","IRL-METEOR"
+COPN: "27401","IS SIMINN"
+COPN: "27402","IS TAL"
+COPN: "27403","IS Islandssimi hf"
+COPN: "27404","Viking"
+COPN: "27601","AMC-AL"
+COPN: "27602","vodafone AL"
+COPN: "27801","vodafone MT"
+COPN: "27821","go mobile"
+COPN: "28001","CY CYTAGSM"
+COPN: "28201","GEO-GEOCELL"
+COPN: "28202","MAGTI-GSM-GEO"
+COPN: "28301","RA-ARMGSM"
+COPN: "28401","M-TEL GSM BG"
+COPN: "28405","GLOBUL"
+COPN: "28601","TR TURKCELL"
+COPN: "28602","TR TELSIM"
+COPN: "28603","TR ARIA"
+COPN: "28604","TR AYCELL"
+COPN: "28801","FO FT-GSM"
+COPN: "28802","KALL"
+COPN: "29001","TELE Greenland"
+COPN: "29340","SI.MOBIL"
+COPN: "29341","SI MOBITEL GSM"
+COPN: "29370","SI VEGA 070"
+COPN: "29401","MKD-MOBIMAK"
+COPN: "29402","MTS AD"
+COPN: "29501","telecom FL"
+COPN: "29502","Montel"
+COPN: "29505","FL1"
+COPN: "29577","LI TANGO"
+COPN: "302370","Fido"
+COPN: "302720","Rogers Wireless"
+COPN: "31011","WTTCKy"
+COPN: "310020","Union Telephone"
+COPN: "31026","T-Mobile"
+COPN: "310030","Centennial Wireless"
+COPN: "31031","T-Mobile"
+COPN: "31038","AT&T"
+COPN: "310040","Cellular One"
+COPN: "310050","DIGICEL"
+COPN: "31064","USA AE Airadigm"
+COPN: "310070","Highland Cellular"
+COPN: "310080","Corr Wireless"
+COPN: "310100","Plateau Wireless"
+COPN: "310150","AT&T"
+COPN: "310160","T-Mobile"
+COPN: "310170","AT&T"
+COPN: "310180","West Central Wireless"
+COPN: "310190","Alaska Wireless"
+COPN: "310200","T-Mobile"
+COPN: "310210","T-Mobile"
+COPN: "310220","T-Mobile"
+COPN: "310230","T-Mobile"
+COPN: "310240","T-Mobile"
+COPN: "310250","T-Mobile"
+COPN: "310260","T-Mobile"
+COPN: "310270","T-Mobile"
+COPN: "310310","T-Mobile"
+COPN: "310320","USA-CellularOne"
+COPN: "310340","WestLink Comm"
+COPN: "310350","Carolina Phone"
+COPN: "310380","AT&T"
+COPN: "310390","Yorkville Telephone"
+COPN: "310410","AT&T"
+COPN: "310420","Cincinnati Bell Wireless"
+COPN: "310450","Viaero Wireless"
+COPN: "310460","USA ONELINK"
+COPN: "310490","SunCom"
+COPN: "310530","West Virginia Wireless"
+COPN: "310560","Cellular One DCS"
+COPN: "310580","T-Mobile"
+COPN: "310610","Epic Touch"
+COPN: "310630","AmeriLink PCS"
+COPN: "310640","Einstein PCS"
+COPN: "310660","T-Mobile"
+COPN: "310670","Wireless 2000 PCS"
+COPN: "310680","NPI Wireless"
+COPN: "310690","Immix Wireless"
+COPN: "310740","Telemetrix"
+COPN: "310760","PTSI"
+COPN: "310770","i wireless"
+COPN: "310780","AirLink PCS"
+COPN: "310790","Pinpoint"
+COPN: "310800","T-Mobile"
+COPN: "310980","AT&T"
+COPN: "311140","Sprocket"
+COPN: "311180","AT&T"
+COPN: "33211","Blue Sky"
+COPN: "334020","Telcel GSM"
+COPN: "33403","MX MOVISTAR GSM"
+COPN: "33805","JM DIGICEL"
+COPN: "33820","Cable & Wireless"
+COPN: "34001","F-Orange"
+COPN: "34020","BOUYGTEL-C"
+COPN: "34430","APUA-PCS ANTIGUA"
+COPN: "35001","TELECOM BDA"
+COPN: "35002","BTC MOBILITY LTD"
+COPN: "36251","Telcell GSM"
+COPN: "36269","CT GSM"
+COPN: "36291","UTS"
+COPN: "36300","Digicel"
+COPN: "36301","SETAR GSM"
+COPN: "36801","CU/C_COM"
+COPN: "37001","ORANGE"
+COPN: "37412","TSTT"
+COPN: "40001","AZE-AZERCELL GSM"
+COPN: "40002","BAKCELL GSM 2000"
+COPN: "40101","KZ K-MOBILE"
+COPN: "40102","KZ KCELL"
+COPN: "40217","BT B-Mobile"
+COPN: "40401","ESSAR"
+COPN: "40402","AirTel"
+COPN: "40403","AirTel"
+COPN: "40405","INA CELFORCE"
+COPN: "40410","AirTel"
+COPN: "40411","HUTCH"
+COPN: "40412","INA-ESCOTEL"
+COPN: "40413","HUTCH"
+COPN: "40414","SPICE"
+COPN: "40415","ESSAR"
+COPN: "40420","INA MaxTouch"
+COPN: "40421","BPL MOBILE"
+COPN: "40422","IDEA"
+COPN: "40424","IDEA"
+COPN: "40427","BPL MOBILE"
+COPN: "40430","INA HUTCH"
+COPN: "40431","AirTel"
+COPN: "40434",""
+COPN: "40438","BSNL MOBILE"
+COPN: "40440","INA AIRTEL"
+COPN: "40441","INA RPG"
+COPN: "40442","INA AIRCEL"
+COPN: "40443","BPL MOBILE"
+COPN: "40444","SPICE"
+COPN: "40445","AirTel"
+COPN: "40446","BPL MOBILE"
+COPN: "40449","AirTel"
+COPN: "40451","BSNL MOBILE"
+COPN: "40453","BSNL MOBILE"
+COPN: "40454","BSNL MOBILE"
+COPN: "40455","BSNL MOBILE"
+COPN: "40457","BSNL MOBILE"
+COPN: "40458","BSNL MOBILE"
+COPN: "40459","BSNL MOBILE"
+COPN: "40460","ESSAR"
+COPN: "40462","BSNL MOBILE"
+COPN: "40464","BSNL MOBILE"
+COPN: "40466","BSNL MOBILE"
+COPN: "40467","RELIANCE TELECOM PVT"
+COPN: "40468","MTNL Dolphin New Delhi"
+COPN: "40469","MTNL MUMBAI DOLPHIN"
+COPN: "40471","BSNL MOBILE"
+COPN: "40472","BSNL MOBILE"
+COPN: "40473","BSNL MOBILE"
+COPN: "40474","BSNL MOBILE"
+COPN: "40475","BSNL MOBILE"
+COPN: "40476","BSNL MOBILE"
+COPN: "40477","BSNL MOBILE"
+COPN: "40478","IDEA"
+COPN: "40479","BSNL MOBILE"
+COPN: "40480","BSNL MOBILE"
+COPN: "40481","BSNL MOBILE"
+COPN: "40486","HUTCH"
+COPN: "40490","AirTel"
+COPN: "40492","AirTel"
+COPN: "40493","AirTel"
+COPN: "40494","AirTel"
+COPN: "40495","AirTel"
+COPN: "40496","AirTel"
+COPN: "40497","AirTel"
+COPN: "40498","AirTel"
+COPN: "41003","PK-UFONE"
+COPN: "41201","AF AWCC"
+COPN: "41302","SRI DIALOG"
+COPN: "41303","SRI-CELLTEL"
+COPN: "41401","MM 900"
+COPN: "41501","RL Cellis"
+COPN: "41503","RL LibanCell"
+COPN: "41601","Fastlink"
+COPN: "41677","JO MobCom"
+COPN: "41701","SYRIATEL"
+COPN: "41702","94 SYRIA"
+COPN: "41709","SYR MOBILE SYR"
+COPN: "41902","KT MTCNet"
+COPN: "41903","KT WATANIYA"
+COPN: "42001","ALJAWAL"
+COPN: "42101","YEMSA"
+COPN: "42102","SPACETEL"
+COPN: "42202","OMAN MOBILE"
+COPN: "42402","UAE ETISALAT"
+COPN: "42501","IL Orange"
+COPN: "42502","IL Cellcom"
+COPN: "42505","JAWWAL"
+COPN: "42601","BATELCO"
+COPN: "42701","QAT QATARNET"
+COPN: "42899","MN MobiCom"
+COPN: "43211","IR-TCI"
+COPN: "43214","IR KISH"
+COPN: "43401","BUZTEL"
+COPN: "43402","UZMACOM"
+COPN: "43404","UZB DAEWOO-GSM"
+COPN: "43405","UZB COSCOM GSM"
+COPN: "43407","UZB-UZD"
+COPN: "43603","TJK MLT"
+COPN: "43605","TJT - Tajik Tel"
+COPN: "43701","BITEL"
+COPN: "44010","JP DoCoMo"
+COPN: "45201","VN MOBIFONE"
+COPN: "45202","VN VINAPHONE"
+COPN: "45400","CSL"
+COPN: "45403","HK 3"
+COPN: "45404","HK Orange"
+COPN: "45406","HK SMARTONE"
+COPN: "45410","HK NEW WORLD"
+COPN: "45412","HK PEOPLES"
+COPN: "45416","HK SUNDAY"
+COPN: "45500","SmarTone"
+COPN: "45501","MAC-CTMGSM"
+COPN: "45503","Hutchison MAC"
+COPN: "45601","MOBITEL-KHM"
+COPN: "45602","KHM-Hello GSM"
+COPN: "45618","CAMSHIN"
+COPN: "45701","LAO GSM"
+COPN: "45702","ETLMNW"
+COPN: "45708","TANGO LAO"
+COPN: "46000","China Mobile"
+COPN: "46001","China Unicom"
+COPN: "46601","FarEasTone"
+COPN: "46606","TUNTEX"
+COPN: "46668","ACeS"
+COPN: "46688","KGT"
+COPN: "46689","T3G"
+COPN: "46692","CHTLDM"
+COPN: "46693","MobiTai"
+COPN: "46697","TWN GSM"
+COPN: "46699","TransAsia"
+COPN: "476193","KP SUN"
+COPN: "47001","GrameenPhone"
+COPN: "47002","BGD AKTEL"
+COPN: "47003","BD ShebaWorld"
+COPN: "47201","MV DHIMOBILE"
+COPN: "50212","MY Maxis Mobile"
+COPN: "50213","TMTOUCH"
+COPN: "50216","DiGi"
+COPN: "50217","TIMECel"
+COPN: "50219","MY CELCOM"
+COPN: "50501","Telstra Mobile"
+COPN: "50502","YES OPTUS"
+COPN: "50503","vodafone AU"
+COPN: "50506","3 AUS"
+COPN: "50508","One.Tel"
+COPN: "51000","ACeS"
+COPN: "51001","IND SATELINDOCEL"
+COPN: "51008","LIPPO TELECOM"
+COPN: "51010","IND TELKOMSEL"
+COPN: "51011","proXL"
+COPN: "51021","IM3"
+COPN: "51501","Islacom"
+COPN: "51502","Globe"
+COPN: "51503","SMART"
+COPN: "51505","Digitel"
+COPN: "51511","ACeS"
+COPN: "52001","TH GSM"
+COPN: "52015","TH ACT 1900"
+COPN: "52018","DTAC"
+COPN: "52020","ACeS"
+COPN: "52023","TH GSM 1800"
+COPN: "52099","Orange Th"
+COPN: "52501","SingTel-G9"
+COPN: "52502","SingTel-G18"
+COPN: "52503","M1-GSM-SGP"
+COPN: "52505","STARHUB-SGP"
+COPN: "52811","BRU-DSTCom"
+COPN: "53001","VODAFONE NZ"
+COPN: "53901","U-CALL"
+COPN: "54101","VUT SMILE"
+COPN: "54201","Vodafone FJ"
+COPN: "54411","Blue Sky"
+COPN: "54601","NCL MOBILIS"
+COPN: "54720","F-VINI"
+COPN: "55001","FSM Telecom"
+COPN: "60201","EGY MobiNiL"
+COPN: "60202","vodafone EG"
+COPN: "60301","AMN"
+COPN: "60302","Djezzy"
+COPN: "60400","MOR MEDITEL"
+COPN: "60401","MOR IAM"
+COPN: "60502","TUNTEL"
+COPN: "60503","TUNISIANA"
+COPN: "60701","GAMCEL"
+COPN: "60702","AFRICELL"
+COPN: "60801","SN ALIZE"
+COPN: "60802","SN-SENTEL SG"
+COPN: "60901","MR MATTEL"
+COPN: "61001","MALITEL ML"
+COPN: "61002","IKATEL ML"
+COPN: "61102","GN LAGUI"
+COPN: "61201","CI CORA"
+COPN: "61203","Orange CI"
+COPN: "61205","TELECEL-CI"
+COPN: "61302","BF CELTEL"
+COPN: "61402","NE CELTEL"
+COPN: "61501","TG-TOGO CELL"
+COPN: "61602","TLCL-BEN"
+COPN: "61603","BJ BENINCELL"
+COPN: "61604","BBCOM"
+COPN: "61701","CELLPLUS-MRU"
+COPN: "61710","EMTEL-MRU"
+COPN: "61801","LoneSTAR"
+COPN: "62001","GH SPACEFON"
+COPN: "62002","GH ONEtouch"
+COPN: "62003","GH-MOBITEL"
+COPN: "62120","ECONET NG"
+COPN: "62130","MTN - NG"
+COPN: "62140","NG NITEL"
+COPN: "62201","CELTEL TCD"
+COPN: "62202","TD LIBERTIS"
+COPN: "62401","MTN CAM"
+COPN: "62402","Orange CAM"
+COPN: "62501","CPV MOVEL"
+COPN: "62601","STP CSTmovel"
+COPN: "62701","GNQ01"
+COPN: "62801","LIBERTIS"
+COPN: "62802","GAB TELECEL"
+COPN: "62803","CELTEL GA"
+COPN: "62901","CELTEL CD"
+COPN: "62910","COG LIBERTIS"
+COPN: "63002","CELTEL RC"
+COPN: "63004","CELLCO GSM"
+COPN: "63089","CD OASIS"
+COPN: "63102","UNITEL"
+COPN: "63301","SEYCEL"
+COPN: "63310","SEZ AIRTEL"
+COPN: "63401","MobiTel SDN"
+COPN: "63510","R-CELL"
+COPN: "63601","ETH-MTN"
+COPN: "63701","SOM BARAKAAT"
+COPN: "63782","Telsom Mobile"
+COPN: "63902","Safaricom"
+COPN: "63903","KE-KENCELL"
+COPN: "64001","Tritel-TZ"
+COPN: "64002","MOBITEL - TZ"
+COPN: "64003","ZANTEL-TZ"
+COPN: "64005","CELTEL TZ"
+COPN: "64101","UG CelTel"
+COPN: "64110","MTN-UGANDA"
+COPN: "64111","UTL Telecel"
+COPN: "64201","Spacetel BI"
+COPN: "64202","SAFARIS"
+COPN: "64301","MOZ-mCel"
+COPN: "64501","ZM CELTEL"
+COPN: "64601","MG Madacom"
+COPN: "64602","MG ANTARIS"
+COPN: "64700","Orange re"
+COPN: "64702","F-OMT"
+COPN: "64710","SFR REUNION"
+COPN: "64801","ZW NET*ONE"
+COPN: "64803","TELECEL ZW"
+COPN: "64804","ZW ECONET"
+COPN: "64901","MTC NAMIBIA"
+COPN: "65001","MW CP 900"
+COPN: "65010","CELTEL"
+COPN: "65101","VCL COMMS"
+COPN: "65102","EZI-CEL"
+COPN: "65201","BW MASCOM"
+COPN: "65202","BW VISTA"
+COPN: "65310","Swazi-MTN"
+COPN: "65501","VodaCom-SA"
+COPN: "65507","CELL C"
+COPN: "65510","MTN-SA"
+COPN: "70267","BTL"
+COPN: "70268","INTELCO"
+COPN: "70401","SERCOM"
+COPN: "70402","COMCEL GSM"
+COPN: "70403","Telefonica"
+COPN: "70601","ESV PERSONAL"
+COPN: "70602","DIGICEL"
+COPN: "70603","ESTELEMOVIL"
+COPN: "70610","ESV PERSONAL"
+COPN: "70801","MEGATEL"
+COPN: "70802","CELTELHND"
+COPN: "71021","ENITEL"
+COPN: "71073","SERCOM"
+COPN: "71201","I.C.E."
+COPN: "71401","PANCW"
+COPN: "71420","Movistar"
+COPN: "71606","Movistar"
+COPN: "71610","TIM PERU"
+COPN: "72207","UNIFON"
+COPN: "72231","CTI Movil"
+COPN: "72234","PERSONAL"
+COPN: "72235","PORT-HABLE"
+COPN: "72402","TIM BRASIL"
+COPN: "72403","TIM BRASIL"
+COPN: "72404","TIM BRASIL"
+COPN: "72405","BRA Claro"
+COPN: "72415","BRA SCTL"
+COPN: "72419","Telemig Cel"
+COPN: "72431","Oi"
+COPN: "73001","ENTEL PCS"
+COPN: "73002","Telefonica Movil"
+COPN: "73010","ENTEL PCS"
+COPN: "73210","COLOMBIA COMCEL"
+COPN: "732102","Movistar"
+COPN: "732123","Movistar"
+COPN: "73401","VZ INFO"
+COPN: "73402","DIGITEL"
+COPN: "73403","DIGICEL C.A."
+COPN: "73404","Movistar"
+COPN: "73601","NUEVATEL"
+COPN: "73602","EMOVIL"
+COPN: "738000","Guyana"
+COPN: "738001","Cel*Star Guyana"
+COPN: "74000","Movistar"
+COPN: "74001","PORTA GSM"
+COPN: "74401","HOLA PARAGUAY"
+COPN: "74402","PGY Porthable"
+COPN: "74404","Telecel GSM"
+COPN: "74601","ICMS SR"
+COPN: "74602","SR.TELESUR.GSM"
+COPN: "74801","Ancel"
+COPN: "74807","Movistar"
+COPN: "90118","cellular at SEA"
+COPN: "00101","Test 001 01"
+COPN: "00102","Test 001 02"

OK
